<?xml version="1.0" encoding="UTF-8"?>
<testsuite xmlns:xsi="http://www.w3.org/2001/XMLSchema-instance" xsi:schemaLocation="https://maven.apache.org/surefire/maven-surefire-plugin/xsd/surefire-test-report.xsd" name="A01.RestaurantChainManagement.domain.DishTest" time="0.746" tests="5" errors="0" skipped="0" failures="0">
  <properties>
[...]
</properties>
  <testcase name="getDishesTest_full_of_dishes_0" classname="A01.RestaurantChainManagement.domain.DishTest" time="0.633"/>
  <testcase name="getDishesTest_full_of_dishes_1" classname="A01.RestaurantChainManagement.domain.DishTest" time="0.028"/>
  <testcase name="getDishesTest_full_of_dishes_2" classname="A01.RestaurantChainManagement.domain.DishTest" time="0.028"/>
  <testcase name="getDishesTest_full_of_dishes_3" classname="A01.RestaurantChainManagement.domain.DishTest" time="0.026"/>
  <testcase name="getDishesTest_desired_lenght" classname="A01.RestaurantChainManagement.domain.DishTest" time="0.03"/>
</testsuite>